<?xml version="1.0" encoding="UTF-8"?>
<testng-results ignored="0" total="1" passed="1" failed="0" skipped="0">
  <reporter-output>
  </reporter-output>
  <suite started-at="2025-08-17T21:47:56 IST" name="Default suite" finished-at="2025-08-17T21:48:22 IST" duration-ms="25084">
    <groups>
    </groups>
    <test started-at="2025-08-17T21:47:56 IST" name="Default test" finished-at="2025-08-17T21:48:22 IST" duration-ms="25084">
      <class name="BasicOperation.NewTest">
        <test-method is-config="true" signature="beforeClass()[pri:0, instance:BasicOperation.NewTest@49ec71f8]" started-at="2025-08-17T21:47:57 IST" name="beforeClass" finished-at="2025-08-17T21:47:57 IST" duration-ms="25" status="PASS">
          <reporter-output>
          </reporter-output>
        </test-method> <!-- beforeClass -->
        <test-method signature="f()[pri:0, instance:BasicOperation.NewTest@49ec71f8]" started-at="2025-08-17T21:47:57 IST" name="f" finished-at="2025-08-17T21:48:22 IST" duration-ms="24836" status="PASS">
          <reporter-output>
          </reporter-output>
        </test-method> <!-- f -->
      </class> <!-- BasicOperation.NewTest -->
    </test> <!-- Default test -->
  </suite> <!-- Default suite -->
</testng-results>
